  pch.cpp
C:\Users\ilyak\source\repos\kurs-fall-2023\ocl-dll\pch.h(177,53): warning C4244: =: преобразование "_Ty" в "int", возможна потеря данных
          with
          [
              _Ty=double
          ]
C:\Users\ilyak\source\repos\kurs-fall-2023\ocl-dll\pch.h(199,46): warning C4838: Преобразование из "int" в "const size_t" требует сужающего преобразования.
C:\Users\ilyak\source\repos\kurs-fall-2023\ocl-dll\pch.h(276,53): warning C4244: =: преобразование "_Ty" в "int", возможна потеря данных
          with
          [
              _Ty=double
          ]
C:\Users\ilyak\source\repos\kurs-fall-2023\ocl-dll\pch.h(298,46): warning C4838: Преобразование из "int" в "const size_t" требует сужающего преобразования.
  dllmain.cpp
     Создается библиотека C:\Users\ilyak\source\repos\kurs-fall-2023\x64\Release\ocl-dll.lib и объект C:\Users\ilyak\source\repos\kurs-fall-2023\x64\Release\ocl-dll.exp
  Создание кода
  5 of 255 functions ( 2.0%) were compiled, the rest were copied from previous compilation.
    0 functions were new in current compilation
    2 functions had inline decision re-evaluated but remain unchanged
  Создание кода завершено
  ocl-dll.vcxproj -> C:\Users\ilyak\source\repos\kurs-fall-2023\x64\Release\ocl-dll.dll
